<?xml version="1.0" encoding="UTF-8"?>
<!-- Generated by org.testng.reporters.JUnitReportReporter -->
<testsuite hostname="RayofHope" failures="0" tests="1" name="com.ttn.TestCases.FMP.SendOTPTest" time="4.717" errors="0" timestamp="2024-07-25T13:34:54 IST" skipped="0">
  <testcase classname="com.ttn.TestCases.FMP.SendOTPTest" name="sendOTP_ValidInput" time="4.717"/>
  <system-out/>
</testsuite> <!-- com.ttn.TestCases.FMP.SendOTPTest -->
